[510]Oct  5 19:25:05:: 
-= The Dawn Of Time was last compiled on Oct  5 2019 at 19:24:13 (c++ build)=-
-= Parent codebase version Dawn 1.69s_beta5 - 23May2009:

:: initiating logging to file
:: logging to logs/game/4000-191005-11.log
:: *************************************************************************
Note: on machines which have the tail command installed, you can follow this 
log using the command:  tail -n 5000 -f logs/game/4000-191005-11.log
****************************************************************************
:: *************************************************************************
Note2: you can change the startup behaviour if desired, to do so
  type "./dawn --help" for more information.
****************************************************************************
:: switching to daemon mode (background running process)
:: The mud is now running in the background, process id = 511.
:: Reading in game settings from gameset.txt...
:: gio_generic_loadlist() reading in from gameset.txt... 
:: Finished gio_generic_loadlist [1].
:: Game settings for Whispers of Times Lost successfully loaded.
:: Allocated 5340032 bytes for string storage.  (MAX_STRING setting)
:: mainport set to 4000
:: process_colour(): Allocating memory for colour processing.
:: parsing listen_on text 'telnet://:+0,http://:+1'
:: Parsed listen_on setting, after mainport 4000 has been applied:
::    telnet port: 4000, ipv6 address: ::
::    telnet port: 4000, ipv4 address: 0.0.0.0
::    http   port: 4001, ipv6 address: ::
::    http   port: 4001, ipv4 address: 0.0.0.0
:: ipv6 support not enabled, ignoring: 'telnet://[::]:+0'
:: socket 7 listening as telnet on 0.0.0.0:4000.
:: ipv6 support not enabled, ignoring: 'http://[::]:+1'
:: socket 8 listening as http on 0.0.0.0:4001.
:: Starting hostname/ident resolver process...
:: resolver_init_unix: resolver started
:: Querying resolvers version.
:: Installing alarm signal handler.
:: Load introduction database from data/intro_db.txt
:: load_intro_database(): Load complete.
:: Starting: load_autostat_files()...
:: statset::load_statset(): Loading in statset from system/mob_hitp.txt...
:: statset::load_statset(): Load complete.
:: statset::load_statset(): Loading in statset from system/mob_damr.txt...
:: statset::load_statset(): Load complete.
:: statset::load_statset(): Loading in statset from system/mob_mana.txt...
:: statset::load_statset(): Load complete.
:: statset::load_statset(): Loading in statset from system/mob_ac.txt...
:: statset::load_statset(): Load complete.
:: Finished: load_autostat_files().
:: set_ictime(): current_time=Sat Oct  5 19:25:05 2019 (1570303505)
:: - IC results: min=10, hour=2, day=14, month=2, year=1501
:: Loading Languages...
:: gio_generic_loadlist() reading in from system/languages/languages.txt... 
:: Finished gio_generic_loadlist [19].
:: gio_generic_loadlist() reading in from system/languages/draconian.txt... 
:: Finished gio_generic_loadlist [26].
:: Initialising 'draconian' lookup tree.
:: gio_generic_loadlist() reading in from system/languages/kobold.txt... 
:: Finished gio_generic_loadlist [40].
:: Initialising 'kobold' lookup tree.
:: gio_generic_loadlist() reading in from system/languages/mremish.txt... 
:: Finished gio_generic_loadlist [148].
:: Initialising 'mremish' lookup tree.
:: gio_generic_loadlist() reading in from system/languages/faerie.txt... 
:: Finished gio_generic_loadlist [40].
:: Initialising 'faerie' lookup tree.
:: gio_generic_loadlist() reading in from system/languages/trollish.txt... 
:: Finished gio_generic_loadlist [40].
:: Initialising 'trollish' lookup tree.
:: gio_generic_loadlist() reading in from system/languages/haxor.txt... 
:: Finished gio_generic_loadlist [26].
:: Initialising 'haxor' lookup tree.
:: gio_generic_loadlist() reading in from system/languages/goblin.txt... 
:: Finished gio_generic_loadlist [26].
:: Initialising 'goblin' lookup tree.
:: gio_generic_loadlist() reading in from system/languages/alaghi.txt... 
:: Finished gio_generic_loadlist [26].
:: Initialising 'alaghi' lookup tree.
:: gio_generic_loadlist() reading in from system/languages/lizardman.txt... 
:: Finished gio_generic_loadlist [72].
:: Initialising 'lizardman' lookup tree.
:: gio_generic_loadlist() reading in from system/languages/gnoll.txt... 
:: Finished gio_generic_loadlist [108].
:: Initialising 'gnoll' lookup tree.
:: gio_generic_loadlist() reading in from system/languages/avian.txt... 
:: Finished gio_generic_loadlist [26].
:: Initialising 'avian' lookup tree.
:: gio_generic_loadlist() reading in from system/languages/drow.txt... 
:: Finished gio_generic_loadlist [251].
:: Initialising 'drow' lookup tree.
:: gio_generic_loadlist() reading in from system/languages/orcish.txt... 
:: Finished gio_generic_loadlist [26].
:: Initialising 'orcish' lookup tree.
:: gio_generic_loadlist() reading in from system/languages/halfling.txt... 
:: Finished gio_generic_loadlist [26].
:: Initialising 'halfling' lookup tree.
:: gio_generic_loadlist() reading in from system/languages/gnomish.txt... 
:: Finished gio_generic_loadlist [26].
:: Initialising 'gnomish' lookup tree.
:: gio_generic_loadlist() reading in from system/languages/dwarven.txt... 
:: Finished gio_generic_loadlist [26].
:: Initialising 'dwarven' lookup tree.
:: gio_generic_loadlist() reading in from system/languages/elven.txt... 
:: Finished gio_generic_loadlist [435].
:: Initialising 'elven' lookup tree.
:: gio_generic_loadlist() reading in from system/languages/human.txt... 
:: Finished gio_generic_loadlist [26].
:: Initialising 'human' lookup tree.
:: gio_generic_loadlist() reading in from system/languages/arcaic.txt... 
:: Finished gio_generic_loadlist [26].
:: Initialising 'arcaic' lookup tree.
:: Language load complete.
:: Creating system languages:
:: - language reverse
:: - language alwaysunderstood
:: - language native
:: - language unknown
:: System languages created.
:: Loading clan database from data/clans.txt...
:: File 'data/clans.txt' not found, cancelled gio list loading.
:: *************************************************************************
NOTE: Even though no clan entries were loaded, the mud can boot...  New clan 
entries can be dynamically created using 'clanedit' within the game.
****************************************************************************
:: load_clan_db(): finished
:: Reading in class table from system/classes.txt...
:: Finished reading class_table from system/classes.txt. (read in 11)
:: Creating a new class lookup table in classnames_types[]
:: ===Reading in races...
:: gio_generic_loadlist() reading in from system/races.txt... 
:: Finished gio_generic_loadlist [59].
:: ===Race loading completed - 60 races in total.
:: Doing prescan of system/skills.txt... for skills, spells etc
:: Prescan found 500 skills.
:: Detected 'blessed grounds' not in prescan, but in dyntable - added.
:: SPELL 'blessed grounds' - binding spell func spell_blessed_grounds
:: Detected 'mana regeneration' not in prescan, but in dyntable - added.
:: SPELL 'mana regeneration' - binding spell func spell_mana_regeneration
:: Detected 'advanced dodge' not in prescan, but in dyntable - added.
:: Detected 'arms mastery' not in prescan, but in dyntable - added.
:: Detected 'blade mastery' not in prescan, but in dyntable - added.
:: Detected 'common' not in prescan, but in dyntable - added.
:: Detected 'dagger mastery' not in prescan, but in dyntable - added.
:: [*****] BUG: DUPLICATE ENTRY 'dual wield' - last entry used.
:: Detected 'halfelven' not in prescan, but in dyntable - added.
:: Detected 'magic mastery' not in prescan, but in dyntable - added.
:: Detected 'mining' not in prescan, but in dyntable - added.
:: Marked end of skill table at index 525.
:: Finished prescan of skill file, assigning gsn's
:: Ignoring dyntable's 'beguiling' gsn since wasn't found in prescan.
:: Ignoring dyntable's 'ceremonial' gsn since wasn't found in prescan.
:: Ignoring dyntable's 'epic' gsn since wasn't found in prescan.
:: Ignoring dyntable's 'esoteric' gsn since wasn't found in prescan.
:: Ignoring dyntable's 'ethereal' gsn since wasn't found in prescan.
:: Ignoring dyntable's 'holistic' gsn since wasn't found in prescan.
:: Ignoring dyntable's 'requiem' gsn since wasn't found in prescan.
:: 368 gsns assigned, loading in all data from skill file now.
:: Finished reading skill file. (read in 500 total)
:: race_convert_skills(): Converting race skills format
:: Reading in command table from system/commands.txt...
:: [*****] BUG: UNKNOWN COMMAND IN 'system/commands.txt'
---------- Found 'testyell' expecting a known command name
:: [*****] BUG: UNKNOWN COMMAND IN 'system/commands.txt'
---------- Found 'send' expecting a known command name
:: [*****] BUG: UNKNOWN COMMAND IN 'system/commands.txt'
---------- Found 'updatemagic' expecting a known command name
:: Finished reading commandtable. (read in 828)
:: Reading in command categories and positions from system/com_cats.txt...
:: [*****] BUG: UNKNOWN COMMAND IN 'system/com_cats.txt'
---------- Found 'testyell' expecting a known command name
:: [*****] BUG: UNKNOWN COMMAND IN 'system/com_cats.txt'
---------- Found 'send' expecting a known command name
:: [*****] BUG: UNKNOWN COMMAND IN 'system/com_cats.txt'
---------- Found 'updatemagic' expecting a known command name
:: Finished reading command categories. (read in 828)
:: init_track_table():: Initialising track_table...
:: init_track_table():: track_table initialised.
:: Reading in skillgroup_table[] from system/skgroups.txt...
:: Finished reading skillgroup_table from system/skgroups.txt. (read in 20)
:: load_continents(): Reading in continents list from 'system/continen.txt'.
:: gio_generic_loadlist() reading in from system/continen.txt... 
:: Finished gio_generic_loadlist [17].
:: Initialising language gsn values
:: Initialising language unique ids
Sat Oct  5 19:25:05 :: Checking cross reference tables match...
Sat Oct  5 19:25:05 :: Check complete
Sat Oct  5 19:25:05 :: Opening area list file area/arealist.txt
::  Reading in area area/aarislan.are
::  Reading in area area/briaring.are
::  Reading in area area/brigand.are
::  Reading in area area/burrows.are
::  Reading in area area/courier.are
::  Reading in area area/dandtown.are
::  Reading in area area/darkhate.are
::  Reading in area area/direswmp.are
::  Reading in area area/dzagari.are
::  Reading in area area/dzagswr.are
::  Reading in area area/eastinn.are
::  Reading in area area/fgcastle.are
::  Reading in area area/fishvill.are
::  Reading in area area/gnomehil.are
::  Reading in area area/goblin.are
::  Reading in area area/gypsie.are
::  Reading in area area/hafran.are
::  Reading in area area/halfling.are
::  Reading in area area/haunted.are
::  Reading in area area/hive.are
::  Reading in area area/irc.are
::  Reading in area area/kennels.are
::  Reading in area area/links.are
::  Reading in area area/dawn.are
::  Reading in area area/markrist.are
::  Reading in area area/mekali.are
::  Reading in area area/mekapark.are
::  Reading in area area/monastery.are
::  Reading in area area/mremvill.are
::  Reading in area area/mudschoo.are
::  Reading in area area/ooc.are
::  Reading in area area/orcfort.are
::  Reading in area area/orphan.are
::  Reading in area area/outlands.are
::  Reading in area area/pirship.are
::  Reading in area area/road.are
::  Reading in area area/ronar.are
::  Reading in area area/sarsi.are
::  Reading in area area/slime.are
::  Reading in area area/taker.are
::  Reading in area area/training.are
::  Reading in area area/trollbr.are
::  Reading in area area/warkeep.are
::  Reading in area area/wild_1.are
::  Reading in area area/wild_2.are
[511]Oct  5 19:25:06:: ===load_socials(): reading in socials database from system/socials.txt
:: gio_generic_loadlist() reading in from system/socials.txt... 
:: Finished gio_generic_loadlist [270].
Sat Oct  5 19:25:06 :: Opening help list file help/helplist.txt
::  Reading in help file help/pointers.txt
::  Reading in help file help/area.txt
::  Reading in help file help/balance.txt
::  Reading in help file help/bordered.txt
::  Reading in help file help/clans.txt
::  Reading in help file help/classes.txt
::  Reading in help file help/pksystem.txt
::  Reading in help file help/commands.txt
::  Reading in help file help/creation.txt
::  Reading in help file help/credits.txt
::  Reading in help file help/colour.txt
::  Reading in help file help/general.txt
::  Reading in help file help/greeting.txt
::  Reading in help file help/help.txt
::  Reading in help file help/herbs.txt
::  Reading in help file help/immemail.txt
::  Reading in help file help/immhelp.txt
::  Reading in help file help/imotd.txt
::  Reading in help file help/ircgreet.txt
::  Reading in help file help/languages.txt
::  Reading in help file help/lag.txt
::  Reading in help file help/magic.txt
::  Reading in help file help/mobprog.txt
::  Reading in help file help/motd.txt
::  Reading in help file help/newmud.txt
::  Reading in help file help/notes.txt
::  Reading in help file help/mxptest.txt
::  Reading in help file help/newbie.txt
::  Reading in help file help/olc/olc.txt
::  Reading in help file help/olc/olcaedit.txt
::  Reading in help file help/olc/olcbalance.txt
::  Reading in help file help/olc/olcitem.txt
::  Reading in help file help/olc/olchedit.txt
::  Reading in help file help/olc/olcpolicy.txt
::  Reading in help file help/policy.txt
::  Reading in help file help/races.txt
::  Reading in help file help/roleplay.txt
::  Reading in help file help/sites.txt
::  Reading in help file help/skills.txt
::  Reading in help file help/spell_mage.txt
::  Reading in help file help/spell_druid.txt
::  Reading in help file help/spell_cleric.txt
::  Reading in help file help/wizicom.txt
::  Reading in help file help/wizlist.txt
::  Reading in help file help/whofmt.txt
::  Reading in help file help/misc.txt
::  Reading in help file help/code.txt
::  Reading in help file help/unfinish.txt
::  Reading in help file help/tail.txt
:: lockers_load_db(): loading lockers database.
:: lockers_load_db(): lockers database file 'data/lockers.txt' not found.
:: Loading objects in rooms with pc corpses...
:: finished loading corpses, 0 objects loaded (0 pc corpses).
Sat Oct  5 19:25:06 :: All area files read in, sorting area lists.
Sat Oct  5 19:25:06 :: Sorting arealists
Sat Oct  5 19:25:06 :: All area files sorted, linking rooms together.
Sat Oct  5 19:25:06 :: All rooms linked together
Sat Oct  5 19:25:06 :: Checking exits...
Sat Oct  5 19:25:06 :: Exit checking completed.
Sat Oct  5 19:25:06 :: Exit testing completed.
:: Attaching resets to rooms...
:: All resets have been attached.
Sat Oct  5 19:25:06 :: Starting fix_resets
Sat Oct  5 19:25:06 :: fix_resets completed
Sat Oct  5 19:25:06 :: Mudprog testing completed.
:: msp_load_table(): msp_table loaded with msp type info.
:: BUG??? in reset_room (Reset type P): get_obj_type returned NULL
for putting object 19561 into 19567 
:: BUG??? in reset_room (Reset type P): pObjIndex is NULL!
 rest for putting object 19561 into 19567 
:: BUG??? in reset_room (Reset type P): get_obj_type returned NULL
for putting object 19571 into 19570 
:: BUG??? in reset_room (Reset type P): pObjIndex is NULL!
 rest for putting object 19571 into 19570 
:: BUG??? in reset_room (Reset type P): get_obj_type returned NULL
for putting object 19535 into 19570 
:: BUG??? in reset_room (Reset type P): pObjIndex is NULL!
 rest for putting object 19535 into 19570 
:: BUG??? in reset_room (Reset type P): get_obj_type returned NULL
for putting object 19558 into 19616 
:: BUG??? in reset_room (Reset type P): pObjIndex is NULL!
 rest for putting object 19558 into 19616 
:: BUG??? in reset_room (Reset type P): get_obj_type returned NULL
for putting object 19558 into 19616 
:: BUG??? in reset_room (Reset type P): pObjIndex is NULL!
 rest for putting object 19558 into 19616 
:: Loading notes...
:: - Reading in snotes thread from notes/snotes.not...
:: - no snote were read into the snotes spool.
:: Loading disabled commands from data/disabled.txt...
:: ===Reading in laston records.
:: gio_generic_loadlist() reading in from data/laston.txt... 
:: Finished gio_generic_loadlist [2].
:: 2 laston records have been read.
:: resorting top roleplayers list...
:: toprp resort complete.
:: resorting top wealth list...
:: wealth resort complete.
:: ===Loading colour templates from system/colours.txt.
:: File 'system/colours.txt' not found, cancelled gio list loading.
:: Could not find the default colour scheme 'Default', creating it.
:: Colour template load process completed.
:: ===Loading letgain database from data/letgains.txt...
:: Letgain database file not present - this is normal if no players have requested on offline letgain yet.
:: load_letgain_db(): finished
:: ===Loading quest database from data/quests.txt...
:: File 'data/quests.txt' not found, cancelled gio list loading.
:: load_quest_db(): finished
:: ===Loading mix database from system/mix.txt...
:: File 'system/mix.txt' not found, cancelled gio list loading.
:: load_mix_db(): finished
:: ===Loading script database from scripts/scripts.txt...
:: Scripts database file not present - this is normal if no scripts have been defined.
:: load_script_db(): finished
:: ===Loading deity database from system/deities/deity.txt...
:: File 'system/deities/deity.txt' not found, cancelled gio list loading.
:: load_deity_db(): finished
:: ===Loading herb database from system/herblist.txt...
:: File 'system/herblist.txt' not found, cancelled gio list loading.
:: load_herb_db(): finished
:: ===Loading offmoot database from data/offmoot.txt...
:: File 'data/offmoot.txt' not found, cancelled gio list loading.
:: load_offmoot_db(): finished
:: ===Reading nameprofiles() from system/namegen.txt.
:: gio_generic_loadlist() reading in from system/namegen.txt... 
:: Finished gio_generic_loadlist [5].
:: do_read_nameprofiles(): finished.
:: Used 1 user CPU seconds during startup.
:: Resolver version = 1.500
:: ---resolver output:
:: -Oct  5 19:25:05:resolver:                                             -
:: -============================================================================-
:: -    Resolver v1.5 - Caching Host Name and Ident resolving tool        -
:: -    Purpose:   Allow dns hostname resolving of ipv4 addresses         -
:: -               and ident lookups for a mud process.                   -
:: -               http://www.dawnoftime.org/                             -
:: -               (c) Kalahn 1997-2010                                   -
:: -                                                                      -
:: -    Syntax: aaa.bbb.ccc.ddd                     (dns query only)      -
:: -            aaa.bbb.ccc.ddd,localport,remoteport (dns and ident)      -
:: -            resolve <username> <dns name>    (lookup a dns name)      -
:: -            version                (what version are we running)      -
:: -            stats   (show some stats about resolver performance)      -
:: -                                                                      -
:: -    Enabled commands:                                                 -
:: -      close                                                           -
:: -      commands                                                        -
:: -      resolve <requesting_user> <ip|dns name>                         -
:: -      resolveip <ip>                                                  -
:: -      stats                                                           -
:: -      version                                                         -
:: -                                                                      -
:: -============================================================================-
:: 
-= Whispers of Times Lost was last compiled on Oct  5 2019 at 19:24:13 (c++ build)=-
-= Parent codebase version Dawn 1.69s_beta5 - 23May2009:

:: We are running on wotlmud.
:: The current working directory is /home/ixliam/dawn.
:: The hostname/ident resolver is currently running.
:: Resolver version = 1.500
:: PlatformID: sysname='Linux' nodename='wotlmud' release='5.0.0-31-generic' version='#33-Ubuntu SMP Mon Sep 30 18:51:59 UTC 2019' machine='x86_64'
:: Free stringspace =2156893.
:: Whispers of Times Lost is ready to rock.
:: Logging to logs/game/4000-191005-11.log
:: Mud is running in the background with a process id of 511
:: installing atexit and signal handlers
:: The mud is waiting for connections on the following addresses:
::   s7>  telnet port: 4000, ipv4 address: 0.0.0.0
::   s8>  http   port: 4001, ipv4 address: 0.0.0.0
:: Updating Areas
Sat Oct  5 19:25:06 :: Tick
[511]Oct  5 19:25:08:: incoming telnet connection to '192.168.1.150:4000' from '192.168.1.165:53696'.
:: Sending 'resolveip 192.168.1.165' query to dns resolver
[511]Oct  5 19:25:09:: S9 MXPVER' MXP="0.5" CLIENT=MUSHclient VERSION="4.94" REGISTERED=YES>'
:: Start nanny state  1 (sock=9)
:: Loading Ixliam. (socket 9)
:: End nanny state  1, con state->2 (socket=9)
:: S9 MXPVER' MXP="0.5" CLIENT=MUSHclient VERSION="4.94" REGISTERED=YES>'
:: requesting mxp options from 9
[511]Oct  5 19:25:10:: Start nanny state  2 (sock=9)
:: Socket 9 (unresolved'192.168.1.165') got the password wrong for Ixliam!
:: End nanny state  2, con state->2 (socket=9)
[511]Oct  5 19:25:13:: 192.168.1.165 resolves as 'brad-pc.attlocal.net' (Ixliam)
[511]Oct  5 19:25:14:: Start nanny state  2 (sock=9)
:: Socket 9 (brad-pc.attlocal.net) got the password wrong for Ixliam!
:: End nanny state  2, con state->2 (socket=9)
[511]Oct  5 19:25:19:: Start nanny state  2 (sock=9)
:: Socket 9 (brad-pc.attlocal.net) got the password wrong for Ixliam!
:: Closing link to Ixliam. (socket=9)
:: Closing socket 9
:: End nanny state  2, con state->2 (socket=0)
[511]Oct  5 19:25:21:: incoming telnet connection to '192.168.1.150:4000' from '192.168.1.165:53697'.
:: Sending 'resolveip 192.168.1.165' query to dns resolver
:: 192.168.1.165 resolves as 'brad-pc.attlocal.net'
:: S9 MXPVER' MXP="0.5" CLIENT=MUSHclient VERSION="4.94" REGISTERED=YES>'
[511]Oct  5 19:25:22:: Start nanny state  1 (sock=9)
:: Loading Ixliam. (socket 9)
:: End nanny state  1, con state->2 (socket=9)
:: S9 MXPVER' MXP="0.5" CLIENT=MUSHclient VERSION="4.94" REGISTERED=YES>'
:: requesting mxp options from 9
:: Start nanny state  2 (sock=9)
:: Socket 9 (brad-pc.attlocal.net) got the password wrong for Ixliam!
:: End nanny state  2, con state->2 (socket=9)
[511]Oct  5 19:25:30:: Start nanny state  2 (sock=9)
:: Socket 9 (brad-pc.attlocal.net) got the password wrong for Ixliam!
:: End nanny state  2, con state->2 (socket=9)
[511]Oct  5 19:25:34:: Start nanny state  2 (sock=9)
:: Socket 9 (brad-pc.attlocal.net) got the password wrong for Ixliam!
:: Closing link to Ixliam. (socket=9)
:: Closing socket 9
:: End nanny state  2, con state->2 (socket=0)
[511]Oct  5 19:25:36:: incoming telnet connection to '192.168.1.150:4000' from '192.168.1.165:53698'.
:: Sending 'resolveip 192.168.1.165' query to dns resolver
:: 192.168.1.165 resolves as 'brad-pc.attlocal.net'
:: S9 MXPVER' MXP="0.5" CLIENT=MUSHclient VERSION="4.94" REGISTERED=YES>'
[511]Oct  5 19:25:37:: Start nanny state  1 (sock=9)
:: Loading Ixliam. (socket 9)
:: End nanny state  1, con state->2 (socket=9)
:: S9 MXPVER' MXP="0.5" CLIENT=MUSHclient VERSION="4.94" REGISTERED=YES>'
:: requesting mxp options from 9
:: Start nanny state  2 (sock=9)
:: Socket 9 (brad-pc.attlocal.net) got the password wrong for Ixliam!
:: End nanny state  2, con state->2 (socket=9)
[511]Oct  5 19:25:40:: Start nanny state  2 (sock=9)
:: Socket 9 (brad-pc.attlocal.net) got the password wrong for Ixliam!
:: End nanny state  2, con state->2 (socket=9)
[511]Oct  5 19:25:43:: Start nanny state  2 (sock=9)
:: Socket 9 (brad-pc.attlocal.net) got the password wrong for Ixliam!
:: Closing link to Ixliam. (socket=9)
:: Closing socket 9
:: End nanny state  2, con state->2 (socket=0)
[511]Oct  5 19:25:44:: incoming telnet connection to '192.168.1.150:4000' from '192.168.1.165:53700'.
:: Sending 'resolveip 192.168.1.165' query to dns resolver
:: 192.168.1.165 resolves as 'brad-pc.attlocal.net'
[511]Oct  5 19:25:45:: S9 MXPVER' MXP="0.5" CLIENT=MUSHclient VERSION="4.94" REGISTERED=YES>'
:: Start nanny state  1 (sock=9)
:: Loading Ixliam. (socket 9)
:: End nanny state  1, con state->2 (socket=9)
:: S9 MXPVER' MXP="0.5" CLIENT=MUSHclient VERSION="4.94" REGISTERED=YES>'
:: requesting mxp options from 9
[511]Oct  5 19:25:46:: Start nanny state  2 (sock=9)
:: Socket 9 (brad-pc.attlocal.net) got the password wrong for Ixliam!
:: End nanny state  2, con state->2 (socket=9)
Sat Oct  5 19:26:29 :: Tick
[511]Oct  5 19:27:06:: Updating Areas
Sat Oct  5 19:27:24 :: Tick
[511]Oct  5 19:27:29:: Start nanny state  2 (sock=9)
:: Socket 9 (brad-pc.attlocal.net) got the password correct for Ixliam
:: Ixliam@brad-pc.attlocal.net has connected. (socket=9, lvl=100, remort=0)
:: End nanny state  2, con state->13 (socket=9)
[511]Oct  5 19:27:30:: Start nanny state 13 (sock=9)
:: End nanny state 13, con state->14 (socket=9)
[511]Oct  5 19:27:31:: Start nanny state 14 (sock=9)
:: intro_data::assign_owner() assigned know index 10 to Ixliam(10)[1]
:: ===Saving in laston records to data/laston.txt.
:: Starting gio_generic_savelist to data/laston.txt.write.
:: GIOBACKUP: Renaming old data/laston.txt to data/laston.txt.giobak
:: Renaming new data/laston.txt.write to data/laston.txt
:: Finished gio_generic_savelist [2].
:: Laston save completed
:: End nanny state 14, con state->0 (socket=9)
Sat Oct  5 19:28:11 :: Tick
[511]Oct  5 19:28:28:: Ixliam has quit. (connected_socket = 9), (left in room=7359, lasticroom=0)
:: Closing socket 9
[511]Oct  5 19:28:30:: incoming telnet connection to '192.168.1.150:4000' from '192.168.1.165:53705'.
:: Sending 'resolveip 192.168.1.165' query to dns resolver
:: 192.168.1.165 resolves as 'brad-pc.attlocal.net'
:: S9 MXPVER' MXP="0.5" CLIENT=MUSHclient VERSION="4.94" REGISTERED=YES>'
[511]Oct  5 19:28:31:: Start nanny state  1 (sock=9)
:: Loading Ixliam. (socket 9)
:: End nanny state  1, con state->2 (socket=9)
:: S9 MXPVER' MXP="0.5" CLIENT=MUSHclient VERSION="4.94" REGISTERED=YES>'
:: requesting mxp options from 9
:: Start nanny state  2 (sock=9)
:: Socket 9 (brad-pc.attlocal.net) got the password wrong for Ixliam!
:: End nanny state  2, con state->2 (socket=9)
[511]Oct  5 19:28:36:: Start nanny state  2 (sock=9)
:: Socket 9 (brad-pc.attlocal.net) got the password wrong for Ixliam!
:: End nanny state  2, con state->2 (socket=9)
[511]Oct  5 19:28:39:: Start nanny state  2 (sock=9)
:: Socket 9 (brad-pc.attlocal.net) got the password wrong for Ixliam!
:: Closing link to Ixliam. (socket=9)
:: Closing socket 9
:: End nanny state  2, con state->2 (socket=0)
[511]Oct  5 19:28:40:: incoming telnet connection to '192.168.1.150:4000' from '192.168.1.165:53706'.
:: Sending 'resolveip 192.168.1.165' query to dns resolver
:: 192.168.1.165 resolves as 'brad-pc.attlocal.net'
[511]Oct  5 19:28:41:: S9 MXPVER' MXP="0.5" CLIENT=MUSHclient VERSION="4.94" REGISTERED=YES>'
:: Start nanny state  1 (sock=9)
:: Loading Ixliam. (socket 9)
:: End nanny state  1, con state->2 (socket=9)
:: S9 MXPVER' MXP="0.5" CLIENT=MUSHclient VERSION="4.94" REGISTERED=YES>'
:: requesting mxp options from 9
[511]Oct  5 19:28:42:: Start nanny state  2 (sock=9)
:: Socket 9 (brad-pc.attlocal.net) got the password wrong for Ixliam!
:: End nanny state  2, con state->2 (socket=9)
[511]Oct  5 19:28:46:: Start nanny state  2 (sock=9)
:: Socket 9 (brad-pc.attlocal.net) got the password wrong for Ixliam!
:: End nanny state  2, con state->2 (socket=9)
[511]Oct  5 19:28:52:: Start nanny state  2 (sock=9)
:: Socket 9 (brad-pc.attlocal.net) got the password correct for Ixliam
:: Ixliam@brad-pc.attlocal.net has connected. (socket=9, lvl=100, remort=0)
:: End nanny state  2, con state->13 (socket=9)
[511]Oct  5 19:28:57:: Start nanny state 13 (sock=9)
:: End nanny state 13, con state->14 (socket=9)
[511]Oct  5 19:28:58:: Start nanny state 14 (sock=9)
:: intro_data::assign_owner() assigned know index 10 to Ixliam(10)[1]
:: End nanny state 14, con state->0 (socket=9)
Sat Oct  5 19:29:03 :: Tick
[511]Oct  5 19:29:03:: Doing maintence saves...
:: >>> autosave olc
:: Starting reboot_autosave():
:: No areas needed saving.
:: reboot area autosave completed.
:: No room invite lists needed saving.
:: reboot area autosave completed.
:: ===Saving in laston records to data/laston.txt.
:: Starting gio_generic_savelist to data/laston.txt.write.
:: GIOBACKUP: Renaming old data/laston.txt to data/laston.txt.giobak
:: Renaming new data/laston.txt.write to data/laston.txt
:: Finished gio_generic_savelist [2].
:: Laston save completed
:: Renaming new data/corpses.txt.write to data/corpses.txt
:: Saving introduction database to data/intro_db.txt.write
:: Renaming old data/intro_db.txt to data/intro_db.txt.bak
:: Renaming new data/intro_db.txt.write to data/intro_db.txt
:: Finished saving introduction database to data/intro_db.txt
:: >>> autosave laston
:: ===Saving in laston records to data/laston.txt.
:: Starting gio_generic_savelist to data/laston.txt.write.
:: GIOBACKUP: Renaming old data/laston.txt to data/laston.txt.giobak
:: Renaming new data/laston.txt.write to data/laston.txt
:: Finished gio_generic_savelist [2].
:: Laston save completed
:: >>> autosave intro database
:: Saving introduction database to data/intro_db.txt.write
:: Renaming old data/intro_db.txt to data/intro_db.txt.bak
:: Renaming new data/intro_db.txt.write to data/intro_db.txt
:: Finished saving introduction database to data/intro_db.txt
:: >>> autosave corpses
:: Renaming new data/corpses.txt.write to data/corpses.txt
:: resorting top roleplayers list...
:: toprp resort complete.
:: resorting top wealth list...
:: wealth resort complete.
[511]Oct  5 19:29:06:: Updating Areas
[511]Oct  5 19:29:51:: Ixliam has quit. (connected_socket = 9), (left in room=7359, lasticroom=0)
:: Closing socket 9
Sat Oct  5 19:29:51 :: Tick
[511]Oct  5 19:29:52:: incoming telnet connection to '192.168.1.150:4000' from '192.168.1.165:53710'.
:: Sending 'resolveip 192.168.1.165' query to dns resolver
:: 192.168.1.165 resolves as 'brad-pc.attlocal.net'
[511]Oct  5 19:29:53:: S9 MXPVER' MXP="0.5" CLIENT=MUSHclient VERSION="4.94" REGISTERED=YES>'
:: Start nanny state  1 (sock=9)
:: Loading Ixliam. (socket 9)
:: End nanny state  1, con state->2 (socket=9)
:: S9 MXPVER' MXP="0.5" CLIENT=MUSHclient VERSION="4.94" REGISTERED=YES>'
:: requesting mxp options from 9
[511]Oct  5 19:29:54:: Start nanny state  2 (sock=9)
:: Socket 9 (brad-pc.attlocal.net) got the password wrong for Ixliam!
:: End nanny state  2, con state->2 (socket=9)
:: do_mppurge( unseen-mob-for-pirate-ship *31023,1* room=31031, ) from mudprog 31030
:: do_mppurge(): purge all selected - due to no parameters
:: do_mppurge(): NOT purging character/mob 'unseen-mob-for-pirate-ship *31023,1*'
:: do_mppurge(): purge complete.
:: eventqueue_purge_events_for('secret lair, nightime lights, borrowed treasure' 39153)
[511]Oct  5 19:29:55:: Start nanny state  2 (sock=9)
:: Socket 9 (brad-pc.attlocal.net) got the password correct for Ixliam
:: Ixliam@brad-pc.attlocal.net has connected. (socket=9, lvl=100, remort=0)
:: End nanny state  2, con state->13 (socket=9)
:: Start nanny state 13 (sock=9)
:: End nanny state 13, con state->14 (socket=9)
[511]Oct  5 19:29:57:: Start nanny state 14 (sock=9)
:: intro_data::assign_owner() assigned know index 10 to Ixliam(10)[1]
:: End nanny state 14, con state->0 (socket=9)
[511]Oct  5 19:30:12:: Ixliam has quit. (connected_socket = 9), (left in room=7359, lasticroom=0)
:: Closing socket 9
[511]Oct  5 19:30:13:: incoming telnet connection to '192.168.1.150:4000' from '192.168.1.165:53711'.
:: Sending 'resolveip 192.168.1.165' query to dns resolver
:: 192.168.1.165 resolves as 'brad-pc.attlocal.net'
[511]Oct  5 19:30:14:: S9 MXPVER' MXP="0.5" CLIENT=MUSHclient VERSION="4.94" REGISTERED=YES>'
[511]Oct  5 19:30:17:: Start nanny state  1 (sock=9)
:: Loading Ixthanost. (socket 9)
:: End nanny state  1, con state->2 (socket=9)
:: S9 MXPVER' MXP="0.5" CLIENT=MUSHclient VERSION="4.94" REGISTERED=YES>'
:: requesting mxp options from 9
[511]Oct  5 19:30:20:: Start nanny state  2 (sock=9)
:: Socket 9 (brad-pc.attlocal.net) got the password wrong for Ixthanost!
:: End nanny state  2, con state->2 (socket=9)
[511]Oct  5 19:30:21:: Start nanny state  2 (sock=9)
:: Socket 9 (brad-pc.attlocal.net) got the password wrong for Ixthanost!
:: End nanny state  2, con state->2 (socket=9)
Sat Oct  5 19:30:21 :: Tick
[511]Oct  5 19:30:25:: Start nanny state  2 (sock=9)
:: Socket 9 (brad-pc.attlocal.net) got the password correct for Ixthanost
:: Ixthanost@brad-pc.attlocal.net has connected. (socket=9, lvl=1, remort=0)
:: End nanny state  2, con state->14 (socket=9)
[511]Oct  5 19:30:27:: Start nanny state 14 (sock=9)
:: intro_data::assign_owner() assigned know index 11 to Ixthanost(11)[2]
:: End nanny state 14, con state->0 (socket=9)
Sat Oct  5 19:30:52 :: Tick
[511]Oct  5 19:31:06:: Updating Areas
[511]Oct  5 19:31:23:: Ixthanost has quit. (connected_socket = 9), (left in room=7359, lasticroom=0)
:: Closing socket 9
[511]Oct  5 19:31:24:: incoming telnet connection to '192.168.1.150:4000' from '192.168.1.165:53715'.
:: Sending 'resolveip 192.168.1.165' query to dns resolver
:: 192.168.1.165 resolves as 'brad-pc.attlocal.net'
:: S9 MXPVER' MXP="0.5" CLIENT=MUSHclient VERSION="4.94" REGISTERED=YES>'
[511]Oct  5 19:31:27:: Start nanny state  1 (sock=9)
:: Loading Ixliam. (socket 9)
:: End nanny state  1, con state->2 (socket=9)
:: S9 MXPVER' MXP="0.5" CLIENT=MUSHclient VERSION="4.94" REGISTERED=YES>'
:: requesting mxp options from 9
Sat Oct  5 19:31:29 :: Tick
[511]Oct  5 19:31:30:: Start nanny state  2 (sock=9)
:: Socket 9 (brad-pc.attlocal.net) got the password correct for Ixliam
:: Ixliam@brad-pc.attlocal.net has connected. (socket=9, lvl=100, remort=0)
:: End nanny state  2, con state->13 (socket=9)
[511]Oct  5 19:31:31:: Start nanny state 13 (sock=9)
:: End nanny state 13, con state->14 (socket=9)
[511]Oct  5 19:31:33:: Start nanny state 14 (sock=9)
:: intro_data::assign_owner() assigned know index 10 to Ixliam(10)[1]
:: End nanny state 14, con state->0 (socket=9)
Sat Oct  5 19:32:32 :: Tick
Sat Oct  5 19:33:02 :: Tick
[511]Oct  5 19:33:06:: Updating Areas
Sat Oct  5 19:33:39 :: Tick
Sat Oct  5 19:34:31 :: Tick
[511]Oct  5 19:35:07:: Updating Areas
Sat Oct  5 19:35:32 :: Tick
[511]Oct  5 19:35:55:: do_mppurge( unseen-mob-for-pirate-ship *31023,1* room=31016, ) from mudprog 31031
:: do_mppurge(): purge all selected - due to no parameters
:: do_mppurge(): NOT purging character/mob 'unseen-mob-for-pirate-ship *31023,1*'
:: do_mppurge(): purging object 'rope' [31019] (valid=true)
:: do_mppurge(): purging object 'huge pirate ship' [31018] (valid=true)
:: do_mppurge(): purge complete.
:: do_mppurge( an exotic faerie *17702,125* room=17705, leaf) from mudprog 39125
:: do_mppurge(): purge complete.
Sat Oct  5 19:36:36 :: Tick
[511]Oct  5 19:37:07:: Updating Areas
Sat Oct  5 19:37:13 :: Tick
Sat Oct  5 19:38:28 :: Tick
[511]Oct  5 19:39:07:: Updating Areas
Sat Oct  5 19:39:48 :: Tick
Sat Oct  5 19:41:07 :: Tick
[511]Oct  5 19:41:07:: Updating Areas
[511]Oct  5 19:41:38:: Log Ixliam<0,100>[7359]: map (map)
[511]Oct  5 19:41:43:: Log Ixliam<0,100>[7359]: map (map)
[511]Oct  5 19:41:48:: Log Ixliam<0,100>[7359]: map on (map)
[511]Oct  5 19:41:55:: do_mppurge( unseen-mob-for-pirate-ship *31023,1* room=31018, ) from mudprog 31032
:: do_mppurge(): purge all selected - due to no parameters
:: do_mppurge(): NOT purging character/mob 'unseen-mob-for-pirate-ship *31023,1*'
:: do_mppurge(): purging object 'rope' [31019] (valid=true)
:: do_mppurge(): purging object 'huge pirate ship' [31018] (valid=true)
:: do_mppurge(): purge complete.
:: eventqueue_purge_events_for('secret lair, nightime lights, borrowed treasure' 39153)
Sat Oct  5 19:41:57 :: Tick
[511]Oct  5 19:41:57:: Doing maintence saves...
:: >>> autosave olc
:: Starting reboot_autosave():
:: No areas needed saving.
:: reboot area autosave completed.
:: No room invite lists needed saving.
:: reboot area autosave completed.
:: ===Saving in laston records to data/laston.txt.
:: Starting gio_generic_savelist to data/laston.txt.write.
:: GIOBACKUP: Renaming old data/laston.txt to data/laston.txt.giobak
:: Renaming new data/laston.txt.write to data/laston.txt
:: Finished gio_generic_savelist [2].
:: Laston save completed
:: Renaming new data/corpses.txt.write to data/corpses.txt
:: Saving introduction database to data/intro_db.txt.write
:: Renaming old data/intro_db.txt to data/intro_db.txt.bak
:: Renaming new data/intro_db.txt.write to data/intro_db.txt
:: Finished saving introduction database to data/intro_db.txt
:: >>> autosave laston
:: ===Saving in laston records to data/laston.txt.
:: Starting gio_generic_savelist to data/laston.txt.write.
:: GIOBACKUP: Renaming old data/laston.txt to data/laston.txt.giobak
:: Renaming new data/laston.txt.write to data/laston.txt
:: Finished gio_generic_savelist [2].
:: Laston save completed
:: >>> autosave intro database
:: Saving introduction database to data/intro_db.txt.write
:: Renaming old data/intro_db.txt to data/intro_db.txt.bak
:: Renaming new data/intro_db.txt.write to data/intro_db.txt
:: Finished saving introduction database to data/intro_db.txt
:: >>> autosave corpses
:: Renaming new data/corpses.txt.write to data/corpses.txt
:: resorting top roleplayers list...
:: toprp resort complete.
:: resorting top wealth list...
:: wealth resort complete.
[511]Oct  5 19:41:58:: Log Ixliam<0,100>[7359]: map (map)
Sat Oct  5 19:43:00 :: Tick
[511]Oct  5 19:43:07:: Updating Areas
Sat Oct  5 19:43:49 :: Tick
Sat Oct  5 19:44:38 :: Tick
[511]Oct  5 19:45:07:: Updating Areas
Sat Oct  5 19:45:13 :: Tick
Sat Oct  5 19:46:16 :: Tick
Sat Oct  5 19:46:51 :: Tick
[511]Oct  5 19:47:07:: Updating Areas
Sat Oct  5 19:47:44 :: Tick
[511]Oct  5 19:47:55:: do_mppurge( unseen-mob-for-pirate-ship *31023,1* room=31020, ) from mudprog 31033
:: do_mppurge(): purge all selected - due to no parameters
:: do_mppurge(): NOT purging character/mob 'unseen-mob-for-pirate-ship *31023,1*'
:: do_mppurge(): purging mob 'a coloured fish *31019,7*'
:: do_mppurge(): purging object 'huge pirate ship' [31018] (valid=true)
:: do_mppurge(): purging object 'rope' [31019] (valid=true)
:: do_mppurge(): purge complete.
[511]Oct  5 19:49:08:: Updating Areas
Sat Oct  5 19:49:13 :: Tick
Sat Oct  5 19:50:38 :: Tick
[511]Oct  5 19:51:08:: Updating Areas
Sat Oct  5 19:51:25 :: Tick
Sat Oct  5 19:52:31 :: Tick
[511]Oct  5 19:53:08:: Updating Areas
Sat Oct  5 19:53:25 :: Tick
[511]Oct  5 19:53:56:: do_mppurge( unseen-mob-for-pirate-ship *31023,1* room=31022, ) from mudprog 31034
:: do_mppurge(): purge all selected - due to no parameters
:: do_mppurge(): NOT purging character/mob 'unseen-mob-for-pirate-ship *31023,1*'
:: do_mppurge(): purging object 'huge pirate ship' [31018] (valid=true)
:: do_mppurge(): purging object 'rope' [31019] (valid=true)
:: do_mppurge(): purge complete.
:: eventqueue_purge_events_for('secret lair, nightime lights, borrowed treasure' 39153)
Sat Oct  5 19:53:57 :: Tick
[511]Oct  5 19:55:08:: Updating Areas
Sat Oct  5 19:55:21 :: Tick
Sat Oct  5 19:56:26 :: Tick
[511]Oct  5 19:56:26:: Doing maintence saves...
:: >>> autosave olc
:: Starting reboot_autosave():
:: No areas needed saving.
:: reboot area autosave completed.
:: No room invite lists needed saving.
:: reboot area autosave completed.
:: ===Saving in laston records to data/laston.txt.
:: Starting gio_generic_savelist to data/laston.txt.write.
:: GIOBACKUP: Renaming old data/laston.txt to data/laston.txt.giobak
:: Renaming new data/laston.txt.write to data/laston.txt
:: Finished gio_generic_savelist [2].
:: Laston save completed
:: Renaming new data/corpses.txt.write to data/corpses.txt
:: Saving introduction database to data/intro_db.txt.write
:: Renaming old data/intro_db.txt to data/intro_db.txt.bak
:: Renaming new data/intro_db.txt.write to data/intro_db.txt
:: Finished saving introduction database to data/intro_db.txt
:: >>> autosave laston
:: ===Saving in laston records to data/laston.txt.
:: Starting gio_generic_savelist to data/laston.txt.write.
:: GIOBACKUP: Renaming old data/laston.txt to data/laston.txt.giobak
:: Renaming new data/laston.txt.write to data/laston.txt
:: Finished gio_generic_savelist [2].
:: Laston save completed
:: >>> autosave intro database
:: Saving introduction database to data/intro_db.txt.write
:: Renaming old data/intro_db.txt to data/intro_db.txt.bak
:: Renaming new data/intro_db.txt.write to data/intro_db.txt
:: Finished saving introduction database to data/intro_db.txt
:: >>> autosave corpses
:: Renaming new data/corpses.txt.write to data/corpses.txt
:: resorting top roleplayers list...
:: toprp resort complete.
:: resorting top wealth list...
:: wealth resort complete.
Sat Oct  5 19:56:58 :: Tick
[511]Oct  5 19:57:08:: Updating Areas
Sat Oct  5 19:57:50 :: Tick
Sat Oct  5 19:58:20 :: Tick
[511]Oct  5 19:59:08:: Updating Areas
Sat Oct  5 19:59:24 :: Tick
[511]Oct  5 19:59:56:: do_mppurge( unseen-mob-for-pirate-ship *31023,1* room=31024, ) from mudprog 31035
:: do_mppurge(): purge all selected - due to no parameters
:: do_mppurge(): NOT purging character/mob 'unseen-mob-for-pirate-ship *31023,1*'
:: do_mppurge(): purging mob 'a blue whale *31020,80*'
:: do_mppurge(): purging mob 'a white baby whale *31021,50*'
:: do_mppurge(): purging object 'huge pirate ship' [31018] (valid=true)
:: do_mppurge(): purging object 'rope' [31019] (valid=true)
:: do_mppurge(): purge complete.
:: do_mppurge( i load the magic portal to faerie ring *30102,0* room=30442, magic) from mudprog 30103
:: do_mppurge(): purge complete.
:: eventqueue_purge_events_for('secret lair, nightime lights, borrowed treasure' 39153)
Sat Oct  5 20:00:21 :: Tick
[511]Oct  5 20:01:08:: Updating Areas
Sat Oct  5 20:01:31 :: Tick
Sat Oct  5 20:02:06 :: Tick
Sat Oct  5 20:02:54 :: Tick
[511]Oct  5 20:03:08:: Updating Areas
Sat Oct  5 20:03:53 :: Tick
Sat Oct  5 20:05:05 :: Tick
[511]Oct  5 20:05:09:: Updating Areas
[511]Oct  5 20:05:57:: do_mppurge( unseen-mob-for-pirate-ship *31023,1* room=31026, ) from mudprog 31036
:: do_mppurge(): purge all selected - due to no parameters
:: do_mppurge(): NOT purging character/mob 'unseen-mob-for-pirate-ship *31023,1*'
:: do_mppurge(): purging mob 'a silver fish *31018,7*'
:: do_mppurge(): purging object 'huge pirate ship' [31018] (valid=true)
:: do_mppurge(): purging object 'rope' [31019] (valid=true)
:: do_mppurge(): purge complete.
:: do_mppurge( an exotic faerie *17702,125* room=17705, leaf) from mudprog 39126
:: do_mppurge(): purge complete.
:: do_mppurge( an exotic faerie *17702,125* room=17705, dew) from mudprog 39126
:: do_mppurge(): purge complete.
:: eventqueue_purge_events_for('secret lair, nightime lights, borrowed treasure' 39153)
:: do_mppurge( a storytelling faerie *39149,110* room=39146, dew) from mudprog 39126
:: do_mppurge(): purge complete.
Sat Oct  5 20:06:21 :: Tick
[511]Oct  5 20:07:09:: Updating Areas
Sat Oct  5 20:07:11 :: Tick
Sat Oct  5 20:07:46 :: Tick
Sat Oct  5 20:08:32 :: Tick
[511]Oct  5 20:09:09:: Updating Areas
Sat Oct  5 20:09:22 :: Tick
[511]Oct  5 20:09:22:: Doing maintence saves...
:: >>> autosave olc
:: Starting reboot_autosave():
:: No areas needed saving.
:: reboot area autosave completed.
:: No room invite lists needed saving.
:: reboot area autosave completed.
:: ===Saving in laston records to data/laston.txt.
:: Starting gio_generic_savelist to data/laston.txt.write.
:: GIOBACKUP: Renaming old data/laston.txt to data/laston.txt.giobak
:: Renaming new data/laston.txt.write to data/laston.txt
:: Finished gio_generic_savelist [2].
:: Laston save completed
:: Renaming new data/corpses.txt.write to data/corpses.txt
:: Saving introduction database to data/intro_db.txt.write
:: Renaming old data/intro_db.txt to data/intro_db.txt.bak
:: Renaming new data/intro_db.txt.write to data/intro_db.txt
:: Finished saving introduction database to data/intro_db.txt
:: >>> autosave laston
:: ===Saving in laston records to data/laston.txt.
:: Starting gio_generic_savelist to data/laston.txt.write.
:: GIOBACKUP: Renaming old data/laston.txt to data/laston.txt.giobak
:: Renaming new data/laston.txt.write to data/laston.txt
:: Finished gio_generic_savelist [2].
:: Laston save completed
:: >>> autosave intro database
:: Saving introduction database to data/intro_db.txt.write
:: Renaming old data/intro_db.txt to data/intro_db.txt.bak
:: Renaming new data/intro_db.txt.write to data/intro_db.txt
:: Finished saving introduction database to data/intro_db.txt
:: >>> autosave corpses
:: Renaming new data/corpses.txt.write to data/corpses.txt
:: resorting top roleplayers list...
:: toprp resort complete.
:: resorting top wealth list...
:: wealth resort complete.
Sat Oct  5 20:10:16 :: Tick
Sat Oct  5 20:10:53 :: Tick
[511]Oct  5 20:11:09:: Updating Areas
Sat Oct  5 20:11:56 :: Tick
[511]Oct  5 20:11:57:: do_mppurge( unseen-mob-for-pirate-ship *31023,1* room=31026, ) from mudprog 31037
:: do_mppurge(): purge all selected - due to no parameters
:: do_mppurge(): NOT purging character/mob 'unseen-mob-for-pirate-ship *31023,1*'
:: do_mppurge(): purging object 'rope' [31019] (valid=true)
:: do_mppurge(): purging object 'huge pirate ship' [31018] (valid=true)
:: do_mppurge(): purge complete.
Sat Oct  5 20:12:39 :: Tick
[511]Oct  5 20:13:09:: Updating Areas
Sat Oct  5 20:13:27 :: Tick
Sat Oct  5 20:14:12 :: Tick
[511]Oct  5 20:15:09:: Updating Areas
Sat Oct  5 20:15:37 :: Tick
Sat Oct  5 20:16:35 :: Tick
[511]Oct  5 20:17:09:: Updating Areas
Sat Oct  5 20:17:48 :: Tick
[511]Oct  5 20:17:57:: do_mppurge( unseen-mob-for-pirate-ship *31023,1* room=31028, ) from mudprog 31038
:: do_mppurge(): purge all selected - due to no parameters
:: do_mppurge(): NOT purging character/mob 'unseen-mob-for-pirate-ship *31023,1*'
:: do_mppurge(): purging mob 'a silver fish *31018,7*'
:: do_mppurge(): purging object 'rope' [31019] (valid=true)
:: do_mppurge(): purging object 'huge pirate ship' [31018] (valid=true)
:: do_mppurge(): purge complete.
:: eventqueue_purge_events_for('secret lair, nightime lights, borrowed treasure' 39153)
[511]Oct  5 20:19:10:: Updating Areas
:: [*****] BUG: Reset_area: 'E' or 'G': null mob for vnum 16088.
:: [*****] BUG: Reset_area: 'E' or 'G': null mob for vnum 16090.
:: [*****] BUG: Reset_area: 'E' or 'G': null mob for vnum 16091.
Sat Oct  5 20:19:17 :: Tick
Sat Oct  5 20:19:58 :: Tick
Sat Oct  5 20:20:56 :: Tick
[511]Oct  5 20:21:10:: Updating Areas
:: [*****] BUG: Reset_area: 'E' or 'G': null mob for vnum 16248.
Sat Oct  5 20:21:43 :: Tick
Sat Oct  5 20:22:31 :: Tick
[511]Oct  5 20:23:10:: Updating Areas
Sat Oct  5 20:23:44 :: Tick
[511]Oct  5 20:23:44:: Doing maintence saves...
:: >>> autosave olc
:: Starting reboot_autosave():
:: No areas needed saving.
:: reboot area autosave completed.
:: No room invite lists needed saving.
:: reboot area autosave completed.
:: ===Saving in laston records to data/laston.txt.
:: Starting gio_generic_savelist to data/laston.txt.write.
:: GIOBACKUP: Renaming old data/laston.txt to data/laston.txt.giobak
:: Renaming new data/laston.txt.write to data/laston.txt
:: Finished gio_generic_savelist [2].
:: Laston save completed
:: Renaming new data/corpses.txt.write to data/corpses.txt
:: Saving introduction database to data/intro_db.txt.write
:: Renaming old data/intro_db.txt to data/intro_db.txt.bak
:: Renaming new data/intro_db.txt.write to data/intro_db.txt
:: Finished saving introduction database to data/intro_db.txt
:: >>> autosave laston
:: ===Saving in laston records to data/laston.txt.
:: Starting gio_generic_savelist to data/laston.txt.write.
:: GIOBACKUP: Renaming old data/laston.txt to data/laston.txt.giobak
:: Renaming new data/laston.txt.write to data/laston.txt
:: Finished gio_generic_savelist [2].
:: Laston save completed
:: >>> autosave intro database
:: Saving introduction database to data/intro_db.txt.write
:: Renaming old data/intro_db.txt to data/intro_db.txt.bak
:: Renaming new data/intro_db.txt.write to data/intro_db.txt
:: Finished saving introduction database to data/intro_db.txt
:: >>> autosave corpses
:: Renaming new data/corpses.txt.write to data/corpses.txt
:: resorting top roleplayers list...
:: toprp resort complete.
:: resorting top wealth list...
:: wealth resort complete.
[511]Oct  5 20:23:58:: do_mppurge( unseen-mob-for-pirate-ship *31023,1* room=31030, ) from mudprog 31039
:: do_mppurge(): purge all selected - due to no parameters
:: do_mppurge(): NOT purging character/mob 'unseen-mob-for-pirate-ship *31023,1*'
:: do_mppurge(): purging mob 'a coloured fish *31019,7*'
:: do_mppurge(): purging object 'rope' [31019] (valid=true)
:: do_mppurge(): purging object 'huge pirate ship' [31018] (valid=true)
:: do_mppurge(): purge complete.
:: eventqueue_purge_events_for('secret lair, nightime lights, borrowed treasure' 39153)
Sat Oct  5 20:24:34 :: Tick
[511]Oct  5 20:25:10:: Updating Areas
:: BUG??? in reset_room (Reset type P): get_obj_type returned NULL
for putting object 19561 into 19567 
:: BUG??? in reset_room (Reset type P): pObjIndex is NULL!
 rest for putting object 19561 into 19567 
:: BUG??? in reset_room (Reset type P): get_obj_type returned NULL
for putting object 19571 into 19570 
:: BUG??? in reset_room (Reset type P): pObjIndex is NULL!
 rest for putting object 19571 into 19570 
:: BUG??? in reset_room (Reset type P): get_obj_type returned NULL
for putting object 19535 into 19570 
:: BUG??? in reset_room (Reset type P): pObjIndex is NULL!
 rest for putting object 19535 into 19570 
:: BUG??? in reset_room (Reset type P): get_obj_type returned NULL
for putting object 19558 into 19616 
:: BUG??? in reset_room (Reset type P): pObjIndex is NULL!
 rest for putting object 19558 into 19616 
:: BUG??? in reset_room (Reset type P): get_obj_type returned NULL
for putting object 19558 into 19616 
:: BUG??? in reset_room (Reset type P): pObjIndex is NULL!
 rest for putting object 19558 into 19616 
:: [*****] BUG: Reset_area: 'E' or 'G': null mob for vnum 19610.
:: [*****] BUG: Reset_area: 'E' or 'G': null mob for vnum 19612.
:: [*****] BUG: Reset_area: 'E' or 'G': null mob for vnum 19640.
Sat Oct  5 20:25:49 :: Tick
Sat Oct  5 20:26:52 :: Tick
[511]Oct  5 20:27:10:: Updating Areas
Sat Oct  5 20:28:13 :: Tick
Sat Oct  5 20:29:02 :: Tick
[511]Oct  5 20:29:10:: Updating Areas
Sat Oct  5 20:29:40 :: Tick
[511]Oct  5 20:29:58:: do_mppurge( unseen-mob-for-pirate-ship *31023,1* room=31032, ) from mudprog 31040
:: do_mppurge(): purge all selected - due to no parameters
:: do_mppurge(): NOT purging character/mob 'unseen-mob-for-pirate-ship *31023,1*'
:: do_mppurge(): purging object 'rope' [31019] (valid=true)
:: do_mppurge(): purging object 'huge pirate ship' [31018] (valid=true)
:: do_mppurge(): purge complete.
Sat Oct  5 20:30:16 :: Tick
[511]Oct  5 20:31:10:: Updating Areas
Sat Oct  5 20:31:43 :: Tick
Sat Oct  5 20:32:26 :: Tick
[511]Oct  5 20:33:10:: Updating Areas
Sat Oct  5 20:33:34 :: Tick
Sat Oct  5 20:34:08 :: Tick
[511]Oct  5 20:35:11:: Updating Areas
Sat Oct  5 20:35:20 :: Tick
[511]Oct  5 20:35:59:: do_mppurge( unseen-mob-for-pirate-ship *31023,1* room=31034, ) from mudprog 31041
:: do_mppurge(): purge all selected - due to no parameters
:: do_mppurge(): NOT purging character/mob 'unseen-mob-for-pirate-ship *31023,1*'
:: do_mppurge(): purging object 'rope' [31019] (valid=true)
:: do_mppurge(): purging object 'huge pirate ship' [31018] (valid=true)
:: do_mppurge(): purge complete.
:: eventqueue_purge_events_for('secret lair, nightime lights, borrowed treasure' 39153)
Sat Oct  5 20:36:25 :: Tick
[511]Oct  5 20:37:11:: Updating Areas
Sat Oct  5 20:37:12 :: Tick
Sat Oct  5 20:38:04 :: Tick
[511]Oct  5 20:38:04:: Doing maintence saves...
:: >>> autosave olc
:: Starting reboot_autosave():
:: No areas needed saving.
:: reboot area autosave completed.
:: No room invite lists needed saving.
:: reboot area autosave completed.
:: ===Saving in laston records to data/laston.txt.
:: Starting gio_generic_savelist to data/laston.txt.write.
:: GIOBACKUP: Renaming old data/laston.txt to data/laston.txt.giobak
:: Renaming new data/laston.txt.write to data/laston.txt
:: Finished gio_generic_savelist [2].
:: Laston save completed
:: Renaming new data/corpses.txt.write to data/corpses.txt
:: Saving introduction database to data/intro_db.txt.write
:: Renaming old data/intro_db.txt to data/intro_db.txt.bak
:: Renaming new data/intro_db.txt.write to data/intro_db.txt
:: Finished saving introduction database to data/intro_db.txt
:: >>> autosave laston
:: ===Saving in laston records to data/laston.txt.
:: Starting gio_generic_savelist to data/laston.txt.write.
:: GIOBACKUP: Renaming old data/laston.txt to data/laston.txt.giobak
:: Renaming new data/laston.txt.write to data/laston.txt
:: Finished gio_generic_savelist [2].
:: Laston save completed
:: >>> autosave intro database
:: Saving introduction database to data/intro_db.txt.write
:: Renaming old data/intro_db.txt to data/intro_db.txt.bak
:: Renaming new data/intro_db.txt.write to data/intro_db.txt
:: Finished saving introduction database to data/intro_db.txt
:: >>> autosave corpses
:: Renaming new data/corpses.txt.write to data/corpses.txt
:: resorting top roleplayers list...
:: toprp resort complete.
:: resorting top wealth list...
:: wealth resort complete.
[511]Oct  5 20:39:11:: Updating Areas
Sat Oct  5 20:39:31 :: Tick
Sat Oct  5 20:41:00 :: Tick
[511]Oct  5 20:41:11:: Updating Areas
[511]Oct  5 20:41:59:: do_mppurge( unseen-mob-for-pirate-ship *31023,1* room=31036, ) from mudprog 31042
:: do_mppurge(): purge all selected - due to no parameters
:: do_mppurge(): NOT purging character/mob 'unseen-mob-for-pirate-ship *31023,1*'
:: do_mppurge(): purging mob 'a silver-green dragonfly *31017,2*'
:: do_mppurge(): purging mob 'a coloured fish *31019,7*'
:: do_mppurge(): purging object 'rope' [31019] (valid=true)
:: do_mppurge(): purging object 'huge pirate ship' [31018] (valid=true)
:: do_mppurge(): purge complete.
Sat Oct  5 20:42:00 :: Tick
[511]Oct  5 20:43:11:: Updating Areas
Sat Oct  5 20:43:12 :: Tick
Sat Oct  5 20:43:56 :: Tick
[511]Oct  5 20:45:11:: Updating Areas
Sat Oct  5 20:45:15 :: Tick
Sat Oct  5 20:46:17 :: Tick
[511]Oct  5 20:47:11:: Updating Areas
Sat Oct  5 20:47:44 :: Tick
[511]Oct  5 20:47:59:: do_mppurge( unseen-mob-for-pirate-ship *31023,1* room=31001, ) from mudprog 31043
:: do_mppurge(): purge all selected - due to no parameters
:: do_mppurge(): NOT purging character/mob 'unseen-mob-for-pirate-ship *31023,1*'
:: do_mppurge(): purging object 'rope' [31019] (valid=true)
:: do_mppurge(): purging object 'huge pirate ship' [31018] (valid=true)
:: do_mppurge(): purge complete.
:: eventqueue_purge_events_for('secret lair, nightime lights, borrowed treasure' 39153)
Sat Oct  5 20:49:05 :: Tick
[511]Oct  5 20:49:12:: Updating Areas
Sat Oct  5 20:50:23 :: Tick
Sat Oct  5 20:50:55 :: Tick
[511]Oct  5 20:51:12:: Updating Areas
Sat Oct  5 20:52:07 :: Tick
[511]Oct  5 20:53:12:: Updating Areas
Sat Oct  5 20:53:12 :: Tick
[511]Oct  5 20:54:00:: do_mppurge( unseen-mob-for-pirate-ship *31023,1* room=31003, ) from mudprog 31044
:: do_mppurge(): purge all selected - due to no parameters
:: do_mppurge(): NOT purging character/mob 'unseen-mob-for-pirate-ship *31023,1*'
:: do_mppurge(): purging mob 'a coloured fish *31019,7*'
:: do_mppurge(): purging object 'huge pirate ship' [31018] (valid=true)
:: do_mppurge(): purging object 'rope' [31019] (valid=true)
:: do_mppurge(): purge complete.
Sat Oct  5 20:54:25 :: Tick
Sat Oct  5 20:55:08 :: Tick
[511]Oct  5 20:55:08:: Doing maintence saves...
:: >>> autosave olc
:: Starting reboot_autosave():
:: No areas needed saving.
:: reboot area autosave completed.
:: No room invite lists needed saving.
:: reboot area autosave completed.
:: ===Saving in laston records to data/laston.txt.
:: Starting gio_generic_savelist to data/laston.txt.write.
:: GIOBACKUP: Renaming old data/laston.txt to data/laston.txt.giobak
:: Renaming new data/laston.txt.write to data/laston.txt
:: Finished gio_generic_savelist [2].
:: Laston save completed
:: Renaming new data/corpses.txt.write to data/corpses.txt
:: Saving introduction database to data/intro_db.txt.write
:: Renaming old data/intro_db.txt to data/intro_db.txt.bak
:: Renaming new data/intro_db.txt.write to data/intro_db.txt
:: Finished saving introduction database to data/intro_db.txt
:: >>> autosave laston
:: ===Saving in laston records to data/laston.txt.
:: Starting gio_generic_savelist to data/laston.txt.write.
:: GIOBACKUP: Renaming old data/laston.txt to data/laston.txt.giobak
:: Renaming new data/laston.txt.write to data/laston.txt
:: Finished gio_generic_savelist [2].
:: Laston save completed
:: >>> autosave intro database
:: Saving introduction database to data/intro_db.txt.write
:: Renaming old data/intro_db.txt to data/intro_db.txt.bak
:: Renaming new data/intro_db.txt.write to data/intro_db.txt
:: Finished saving introduction database to data/intro_db.txt
:: >>> autosave corpses
:: Renaming new data/corpses.txt.write to data/corpses.txt
:: resorting top roleplayers list...
:: toprp resort complete.
:: resorting top wealth list...
:: wealth resort complete.
[511]Oct  5 20:55:12:: Updating Areas
Sat Oct  5 20:56:11 :: Tick
[511]Oct  5 20:57:12:: Updating Areas
Sat Oct  5 20:57:31 :: Tick
Sat Oct  5 20:58:44 :: Tick
[511]Oct  5 20:59:12:: Updating Areas
Sat Oct  5 20:59:37 :: Tick
[511]Oct  5 21:00:00:: do_mppurge( unseen-mob-for-pirate-ship *31023,1* room=31005, ) from mudprog 31045
:: do_mppurge(): purge all selected - due to no parameters
:: do_mppurge(): NOT purging character/mob 'unseen-mob-for-pirate-ship *31023,1*'
:: do_mppurge(): purging object 'rope' [31019] (valid=true)
:: do_mppurge(): purging object 'huge pirate ship' [31018] (valid=true)
:: do_mppurge(): purge complete.
Sat Oct  5 21:00:19 :: Tick
[511]Oct  5 21:01:12:: Updating Areas
Sat Oct  5 21:01:13 :: Tick
Sat Oct  5 21:02:22 :: Tick
[511]Oct  5 21:03:12:: Updating Areas
Sat Oct  5 21:03:24 :: Tick
Sat Oct  5 21:04:12 :: Tick
Sat Oct  5 21:05:06 :: Tick
[511]Oct  5 21:05:13:: Updating Areas
Sat Oct  5 21:05:45 :: Tick
[511]Oct  5 21:06:01:: do_mppurge( unseen-mob-for-pirate-ship *31023,1* room=31007, ) from mudprog 31046
:: do_mppurge(): purge all selected - due to no parameters
:: do_mppurge(): NOT purging character/mob 'unseen-mob-for-pirate-ship *31023,1*'
:: do_mppurge(): purging object 'rope' [31019] (valid=true)
:: do_mppurge(): purging object 'huge pirate ship' [31018] (valid=true)
:: do_mppurge(): purge complete.
Sat Oct  5 21:06:31 :: Tick
[511]Oct  5 21:07:13:: Updating Areas
Sat Oct  5 21:07:47 :: Tick
Sat Oct  5 21:08:27 :: Tick
[511]Oct  5 21:09:13:: Updating Areas
Sat Oct  5 21:09:36 :: Tick
[511]Oct  5 21:09:36:: Doing maintence saves...
:: >>> autosave olc
:: Starting reboot_autosave():
:: No areas needed saving.
:: reboot area autosave completed.
:: No room invite lists needed saving.
:: reboot area autosave completed.
:: ===Saving in laston records to data/laston.txt.
:: Starting gio_generic_savelist to data/laston.txt.write.
:: GIOBACKUP: Renaming old data/laston.txt to data/laston.txt.giobak
:: Renaming new data/laston.txt.write to data/laston.txt
:: Finished gio_generic_savelist [2].
:: Laston save completed
:: Renaming new data/corpses.txt.write to data/corpses.txt
:: Saving introduction database to data/intro_db.txt.write
:: Renaming old data/intro_db.txt to data/intro_db.txt.bak
:: Renaming new data/intro_db.txt.write to data/intro_db.txt
:: Finished saving introduction database to data/intro_db.txt
:: >>> autosave laston
:: ===Saving in laston records to data/laston.txt.
:: Starting gio_generic_savelist to data/laston.txt.write.
:: GIOBACKUP: Renaming old data/laston.txt to data/laston.txt.giobak
:: Renaming new data/laston.txt.write to data/laston.txt
:: Finished gio_generic_savelist [2].
:: Laston save completed
:: >>> autosave intro database
:: Saving introduction database to data/intro_db.txt.write
:: Renaming old data/intro_db.txt to data/intro_db.txt.bak
:: Renaming new data/intro_db.txt.write to data/intro_db.txt
:: Finished saving introduction database to data/intro_db.txt
:: >>> autosave corpses
:: Renaming new data/corpses.txt.write to data/corpses.txt
:: resorting top roleplayers list...
:: toprp resort complete.
:: resorting top wealth list...
:: wealth resort complete.
Sat Oct  5 21:10:24 :: Tick
Sat Oct  5 21:11:12 :: Tick
[511]Oct  5 21:11:13:: Updating Areas
Sat Oct  5 21:11:47 :: Tick
[511]Oct  5 21:12:01:: do_mppurge( unseen-mob-for-pirate-ship *31023,1* room=31009, ) from mudprog 31047
:: do_mppurge(): purge all selected - due to no parameters
:: do_mppurge(): NOT purging character/mob 'unseen-mob-for-pirate-ship *31023,1*'
:: do_mppurge(): purging object 'rope' [31019] (valid=true)
:: do_mppurge(): purging object 'huge pirate ship' [31018] (valid=true)
:: do_mppurge(): purge complete.
:: do_mppurge( i load the magic portal to faerie ring *30102,0* room=30442, magic) from mudprog 30103
:: do_mppurge(): purge complete.
Sat Oct  5 21:13:12 :: Tick
[511]Oct  5 21:13:13:: Updating Areas
Sat Oct  5 21:13:47 :: Tick
Sat Oct  5 21:15:08 :: Tick
[511]Oct  5 21:15:13:: Updating Areas
:: [*****] BUG: Reset_area: 'E' or 'G': null mob for vnum 16088.
:: [*****] BUG: Reset_area: 'E' or 'G': null mob for vnum 16090.
:: [*****] BUG: Reset_area: 'E' or 'G': null mob for vnum 16091.
Sat Oct  5 21:16:09 :: Tick
Sat Oct  5 21:16:47 :: Tick
[511]Oct  5 21:17:13:: Updating Areas
[511]Oct  5 21:18:01:: do_mppurge( unseen-mob-for-pirate-ship *31023,1* room=31015, ) from mudprog 31048
:: do_mppurge(): purge all selected - due to no parameters
:: do_mppurge(): NOT purging character/mob 'unseen-mob-for-pirate-ship *31023,1*'
:: do_mppurge(): purging object 'rope' [31019] (valid=true)
:: do_mppurge(): purging object 'huge pirate ship' [31018] (valid=true)
:: do_mppurge(): purge complete.
Sat Oct  5 21:18:08 :: Tick
[511]Oct  5 21:19:13:: Updating Areas
Sat Oct  5 21:19:18 :: Tick
[511]Oct  5 21:19:38:: Log Ixliam<0,100>[3001]: mud shutdown now (mudstats)
[511]Oct  5 21:19:50:: Log Ixliam<0,100>[3001]: shutdown (shutdown)
[511]Oct  5 21:19:54:: Log Ixliam<0,100>[3001]: shutdown confirm (shutdown)
:: Starting reboot_autosave():
:: No areas needed saving.
:: reboot area autosave completed.
:: No room invite lists needed saving.
:: reboot area autosave completed.
:: ===Saving in laston records to data/laston.txt.
:: Starting gio_generic_savelist to data/laston.txt.write.
:: GIOBACKUP: Renaming old data/laston.txt to data/laston.txt.giobak
:: Renaming new data/laston.txt.write to data/laston.txt
:: Finished gio_generic_savelist [2].
:: Laston save completed
:: Renaming new data/corpses.txt.write to data/corpses.txt
:: Saving introduction database to data/intro_db.txt.write
:: Renaming old data/intro_db.txt to data/intro_db.txt.bak
:: Renaming new data/intro_db.txt.write to data/intro_db.txt
:: Finished saving introduction database to data/intro_db.txt
:: ===Saving in laston records to data/laston.txt.
:: Starting gio_generic_savelist to data/laston.txt.write.
:: GIOBACKUP: Renaming old data/laston.txt to data/laston.txt.giobak
:: Renaming new data/laston.txt.write to data/laston.txt
:: Finished gio_generic_savelist [2].
:: Laston save completed
:: Closing link to Ixliam. (socket=9)
:: Closing socket 9
:: Normal termination of game.
